0 info it worked if it ends with ok
1 verbose cli [ 'c:\\Program Files\\nodejs\\node.exe',
1 verbose cli   'c:\\Program Files\\nodejs\\node_modules\\npm\\bin\\npm-cli.js',
1 verbose cli   'run',
1 verbose cli   'develop' ]
2 info using npm@3.3.12
3 info using node@v5.1.0
4 verbose run-script [ 'predevelop', 'develop', 'postdevelop' ]
5 info lifecycle julegaver@1.0.0~predevelop: julegaver@1.0.0
6 silly lifecycle julegaver@1.0.0~predevelop: no script for predevelop, continuing
7 info lifecycle julegaver@1.0.0~develop: julegaver@1.0.0
8 verbose lifecycle julegaver@1.0.0~develop: unsafe-perm in lifecycle true
9 verbose lifecycle julegaver@1.0.0~develop: PATH: c:\Program Files\nodejs\node_modules\npm\bin\node-gyp-bin;c:\temp\julegaver\node_modules\.bin;p:\bin;.;C:\Program Files (x86)\Git\local\bin;C:\Program Files (x86)\Git\mingw\bin;C:\Program Files (x86)\Git\bin;c:\Program Files (x86)\ImageMagick-6.9.2-Q16;c:\ProgramData\Oracle\Java\javapath;c:\Windows\system32;c:\Windows;c:\Windows\System32\Wbem;c:\Windows\System32\WindowsPowerShell\v1.0\;c:\Windows\System32\WindowsPowerShell\v1.0\;c:\Program Files (x86)\Microsoft Application Virtualization Client;c:\Program Files (x86)\QuickTime\QTSystem\;c:\Program Files\Intel\WiFi\bin\;c:\Program Files\Common Files\Intel\WirelessCommon\;c:\Program Files (x86)\Java\jdk1.8.0_45\bin;c:\Tools\maven\apache-maven-3.2.5\bin;c:\Program Files (x86)\PostgreSQL\9.4\bin;c:\Program Files\nodejs\;c:\Dev\nvmw\.nvmw;c:\Dev\nvmw\.nvmw;c:\Users\iribrun\AppData\Roaming\npm;c:\Users\iribrun\AppData\Local\atom\bin
10 verbose lifecycle julegaver@1.0.0~develop: CWD: c:\temp\julegaver
11 silly lifecycle julegaver@1.0.0~develop: Args: [ '/d /s /c',
11 silly lifecycle   'webpack-dev-server --content-base public --port 3000 --hot' ]
12 silly lifecycle julegaver@1.0.0~develop: Returned: code: 1  signal: null
13 info lifecycle julegaver@1.0.0~develop: Failed to exec develop script
14 verbose stack Error: julegaver@1.0.0 develop: `webpack-dev-server --content-base public --port 3000 --hot`
14 verbose stack Exit status 1
14 verbose stack     at EventEmitter.<anonymous> (c:\Program Files\nodejs\node_modules\npm\lib\utils\lifecycle.js:232:16)
14 verbose stack     at emitTwo (events.js:87:13)
14 verbose stack     at EventEmitter.emit (events.js:172:7)
14 verbose stack     at ChildProcess.<anonymous> (c:\Program Files\nodejs\node_modules\npm\lib\utils\spawn.js:24:14)
14 verbose stack     at emitTwo (events.js:87:13)
14 verbose stack     at ChildProcess.emit (events.js:172:7)
14 verbose stack     at maybeClose (internal/child_process.js:818:16)
14 verbose stack     at Process.ChildProcess._handle.onexit (internal/child_process.js:211:5)
15 verbose pkgid julegaver@1.0.0
16 verbose cwd c:\temp\julegaver
17 error Windows_NT 6.1.7601
18 error argv "c:\\Program Files\\nodejs\\node.exe" "c:\\Program Files\\nodejs\\node_modules\\npm\\bin\\npm-cli.js" "run" "develop"
19 error node v5.1.0
20 error npm  v3.3.12
21 error code ELIFECYCLE
22 error julegaver@1.0.0 develop: `webpack-dev-server --content-base public --port 3000 --hot`
22 error Exit status 1
23 error Failed at the julegaver@1.0.0 develop script 'webpack-dev-server --content-base public --port 3000 --hot'.
23 error Make sure you have the latest version of node.js and npm installed.
23 error If you do, this is most likely a problem with the julegaver package,
23 error not with npm itself.
23 error Tell the author that this fails on your system:
23 error     webpack-dev-server --content-base public --port 3000 --hot
23 error You can get their info via:
23 error     npm owner ls julegaver
23 error There is likely additional logging output above.
24 verbose exit [ 1, true ]
